<?xml version="1.0" encoding="UTF-8"?>
<!-- Generated by org.testng.reporters.JUnitReportReporter -->
<testsuite skipped="0" hostname="DARSHU" name="runner.Runnerclass" tests="1" failures="0" timestamp="19 Sep 2022 07:41:27 GMT" time="11.341" errors="0">
  <testcase name="runScenario" time="11.341" classname="runner.Runnerclass"/>
</testsuite> <!-- runner.Runnerclass -->
